<?xml version="1.0" encoding="UTF-8"?>
<testsuite xmlns:xsi="http://www.w3.org/2001/XMLSchema-instance" xsi:noNamespaceSchemaLocation="https://maven.apache.org/surefire/maven-surefire-plugin/xsd/surefire-test-report.xsd" name="es.juntadeandalucia.devsecops.OperacionesAritmeticasTest" time="0.001" tests="3" errors="0" skipped="0" failures="0">
  <properties>
[...]
</properties>
  <testcase name="suma" classname="es.juntadeandalucia.devsecops.OperacionesAritmeticasTest" time="0"/>
  <testcase name="resta" classname="es.juntadeandalucia.devsecops.OperacionesAritmeticasTest" time="0.001"/>
  <testcase name="multiplicacion" classname="es.juntadeandalucia.devsecops.OperacionesAritmeticasTest" time="0"/>
</testsuite>